[16:53:35] [Server thread/INFO]: BashTag3 lost connection: Disconnected
[16:53:35] [Server thread/INFO]: BashTag3 left the game
[16:54:03] [RCON Listener #1/INFO]: Thread RCON Client /127.0.0.1 started
[16:54:05] [Server thread/INFO]: [Rcon: Saved the game]
[16:54:08] [Server thread/INFO]: [Rcon: Stopping the server]
[16:54:08] [Server thread/INFO]: Unregistering com.sk89q.worldedit.forge.ForgePlatform from WorldEdit
[16:54:08] [Server thread/INFO]: Stopping server
[16:54:08] [Server thread/INFO]: Saving players
[16:54:08] [Server thread/INFO]: BashTag1 lost connection: Server closed
[16:54:08] [Server thread/INFO]: BashTag1 left the game
[16:54:08] [Server thread/INFO]: Saving worlds
[16:54:08] [Server thread/INFO]: Saving chunks for level 'ServerLevel[Bash World]'/minecraft:overworld
[16:54:09] [Server thread/INFO]: ThreadedAnvilChunkStorage (world): All chunks are saved
[16:54:09] [Server thread/INFO]: Saving chunks for level 'ServerLevel[Bash World]'/minecraft:the_nether
[16:54:09] [Server thread/INFO]: ThreadedAnvilChunkStorage (DIM-1): All chunks are saved
[16:54:09] [Server thread/INFO]: Saving chunks for level 'ServerLevel[Bash World]'/minecraft:the_end
[16:54:09] [Server thread/INFO]: ThreadedAnvilChunkStorage (DIM1): All chunks are saved
[16:54:09] [Server thread/INFO]: Saving chunks for level 'ServerLevel[Bash World]'/mushroom_fox:forgotten_keep
[16:54:09] [Server thread/INFO]: ThreadedAnvilChunkStorage (forgotten_keep): All chunks are saved
[16:54:09] [Server thread/INFO]: Saving chunks for level 'ServerLevel[Bash World]'/boss_tools:mars_orbit
[16:54:09] [Server thread/INFO]: ThreadedAnvilChunkStorage (mars_orbit): All chunks are saved
[16:54:09] [Server thread/INFO]: Saving chunks for level 'ServerLevel[Bash World]'/boss_tools:mercury
[16:54:09] [Server thread/INFO]: ThreadedAnvilChunkStorage (mercury): All chunks are saved
[16:54:09] [Server thread/INFO]: Saving chunks for level 'ServerLevel[Bash World]'/boss_tools:venus_orbit
[16:54:09] [Server thread/INFO]: ThreadedAnvilChunkStorage (venus_orbit): All chunks are saved
[16:54:09] [Server thread/INFO]: Saving chunks for level 'ServerLevel[Bash World]'/boss_tools:mars
[16:54:09] [Server thread/INFO]: ThreadedAnvilChunkStorage (mars): All chunks are saved
[16:54:09] [Server thread/INFO]: Saving chunks for level 'ServerLevel[Bash World]'/boss_tools:overworld_orbit
[16:54:09] [Server thread/INFO]: ThreadedAnvilChunkStorage (overworld_orbit): All chunks are saved
[16:54:09] [Server thread/INFO]: Saving chunks for level 'ServerLevel[Bash World]'/boss_tools:venus
[16:54:09] [Server thread/INFO]: ThreadedAnvilChunkStorage (venus): All chunks are saved
[16:54:09] [Server thread/INFO]: Saving chunks for level 'ServerLevel[Bash World]'/boss_tools:moon_orbit
[16:54:09] [Server thread/INFO]: ThreadedAnvilChunkStorage (moon_orbit): All chunks are saved
[16:54:09] [Server thread/INFO]: Saving chunks for level 'ServerLevel[Bash World]'/boss_tools:moon
[16:54:09] [Server thread/INFO]: ThreadedAnvilChunkStorage (moon): All chunks are saved
[16:54:09] [Server thread/INFO]: Saving chunks for level 'ServerLevel[Bash World]'/boss_tools:mercury_orbit
[16:54:09] [Server thread/INFO]: ThreadedAnvilChunkStorage (mercury_orbit): All chunks are saved
[16:54:09] [Server thread/INFO]: ThreadedAnvilChunkStorage (world): All chunks are saved
[16:54:10] [Server thread/INFO]: ThreadedAnvilChunkStorage (DIM-1): All chunks are saved
[16:54:10] [Server thread/INFO]: ThreadedAnvilChunkStorage (DIM1): All chunks are saved
[16:54:10] [Server thread/INFO]: ThreadedAnvilChunkStorage (forgotten_keep): All chunks are saved
[16:54:10] [Server thread/INFO]: ThreadedAnvilChunkStorage (mars_orbit): All chunks are saved
[16:54:10] [Server thread/INFO]: ThreadedAnvilChunkStorage (mercury): All chunks are saved
[16:54:10] [Server thread/INFO]: ThreadedAnvilChunkStorage (venus_orbit): All chunks are saved
[16:54:10] [Server thread/INFO]: ThreadedAnvilChunkStorage (mars): All chunks are saved
[16:54:10] [Server thread/INFO]: ThreadedAnvilChunkStorage (overworld_orbit): All chunks are saved
[16:54:10] [Server thread/INFO]: ThreadedAnvilChunkStorage (venus): All chunks are saved
[16:54:10] [Server thread/INFO]: ThreadedAnvilChunkStorage (moon_orbit): All chunks are saved
[16:54:10] [Server thread/INFO]: ThreadedAnvilChunkStorage (moon): All chunks are saved
[16:54:10] [Server thread/INFO]: ThreadedAnvilChunkStorage (mercury_orbit): All chunks are saved
[16:54:10] [Server thread/INFO]: Thread RCON Listener stopped
[16:54:10] [RCON Client /127.0.0.1 #2/INFO]: Thread RCON Client /127.0.0.1 shutting down
[16:54:10] [Server thread/INFO]: Thread RCON Client /127.0.0.1 stopped
